<?xml version="1.0" encoding="UTF-8"?>
<testng-results ignored="0" total="3" passed="3" failed="0" skipped="0">
  <reporter-output>
  </reporter-output>
  <suite started-at="2024-03-23T20:18:59 IST" name="Default suite" finished-at="2024-03-23T20:20:50 IST" duration-ms="111584">
    <groups>
    </groups>
    <test started-at="2024-03-23T20:18:59 IST" name="Default test" finished-at="2024-03-23T20:20:50 IST" duration-ms="111584">
      <class name="task.Tech">
        <test-method signature="TestApp()[pri:0, instance:task.Tech@6356695f]" started-at="2024-03-23T20:18:59 IST" name="TestApp" finished-at="2024-03-23T20:19:35 IST" duration-ms="36815" status="PASS">
          <reporter-output>
          </reporter-output>
        </test-method> <!-- TestApp -->
        <test-method signature="FindCountry()[pri:1, instance:task.Tech@6356695f]" started-at="2024-03-23T20:19:36 IST" name="FindCountry" finished-at="2024-03-23T20:20:12 IST" duration-ms="36073" status="PASS">
          <reporter-output>
          </reporter-output>
        </test-method> <!-- FindCountry -->
        <test-method signature="oddRow()[pri:2, instance:task.Tech@6356695f]" started-at="2024-03-23T20:20:12 IST" name="oddRow" finished-at="2024-03-23T20:20:50 IST" duration-ms="38590" status="PASS">
          <reporter-output>
          </reporter-output>
        </test-method> <!-- oddRow -->
      </class> <!-- task.Tech -->
    </test> <!-- Default test -->
  </suite> <!-- Default suite -->
</testng-results>
